<?xml version="1.0" encoding="UTF-8"?>
<!-- Generated by org.testng.reporters.JUnitReportReporter -->
<testsuite skipped="0" hostname="RAJKAMAL" name="com.Features.Assert_Concept" tests="1" failures="0" timestamp="23 Oct 2021 13:59:01 GMT" time="0.023" errors="0">
  <testcase name="data_Validation" time="0.023" classname="com.Features.Assert_Concept"/>
</testsuite> <!-- com.Features.Assert_Concept -->
