<?xml version="1.0" encoding="UTF-8"?>
<!-- Generated by org.testng.reporters.JUnitReportReporter -->
<testsuite skipped="0" hostname="RAJKAMAL" name="com.Features.Timeout_Test" tests="1" failures="0" timestamp="22 Oct 2021 07:59:22 GMT" time="3.015" errors="0">
  <testcase name="demo" time="3.015" classname="com.Features.Timeout_Test"/>
</testsuite> <!-- com.Features.Timeout_Test -->
