<?xml version="1.0" encoding="UTF-8"?>
<!-- Generated by org.testng.reporters.JUnitReportReporter -->
<testsuite skipped="0" hostname="RAJKAMAL" name="com.Features.Priority_Test" tests="4" failures="0" timestamp="30 Oct 2021 12:21:48 GMT" time="0.015" errors="0">
  <testcase name="mobile" time="0.010" classname="com.Features.Priority_Test"/>
  <testcase name="earphones" time="0.001" classname="com.Features.Priority_Test"/>
  <testcase name="books" time="0.002" classname="com.Features.Priority_Test"/>
  <testcase name="laptop" time="0.002" classname="com.Features.Priority_Test"/>
</testsuite> <!-- com.Features.Priority_Test -->
