<?xml version="1.0" encoding="UTF-8"?>
<!-- Generated by org.testng.reporters.JUnitReportReporter -->
<testsuite skipped="0" hostname="RAJKAMAL" name="com.Features.Grouping_Test" tests="2" failures="0" timestamp="30 Oct 2021 12:17:57 GMT" time="0.017" errors="0">
  <testcase name="wynkMusic" time="0.005" classname="com.Features.Grouping_Test"/>
  <testcase name="spotify" time="0.012" classname="com.Features.Grouping_Test"/>
</testsuite> <!-- com.Features.Grouping_Test -->
