<?xml version="1.0" encoding="UTF-8"?>
<!-- Generated by org.testng.reporters.JUnitReportReporter -->
<testsuite skipped="0" hostname="RAJKAMAL" name="com.Features.Simple_Annotations" tests="3" failures="0" timestamp="22 Oct 2021 06:57:07 GMT" time="0.015" errors="0">
  <testcase name="laptop" time="0.005" classname="com.Features.Simple_Annotations"/>
  <testcase name="earphones" time="0.006" classname="com.Features.Simple_Annotations"/>
  <testcase name="mobile" time="0.004" classname="com.Features.Simple_Annotations"/>
</testsuite> <!-- com.Features.Simple_Annotations -->
