<?xml version="1.0" encoding="UTF-8"?>
<!-- Generated by org.testng.reporters.JUnitReportReporter -->
<testsuite skipped="0" hostname="RAJKAMAL" name="com.Features.Data_Provider_Test" tests="3" failures="0" timestamp="23 Oct 2021 09:55:54 GMT" time="0.016" errors="0">
  <testcase name="credentials" time="0.016" classname="com.Features.Data_Provider_Test"/>
  <testcase name="credentials" time="0.000" classname="com.Features.Data_Provider_Test"/>
  <testcase name="credentials" time="0.000" classname="com.Features.Data_Provider_Test"/>
</testsuite> <!-- com.Features.Data_Provider_Test -->
