<?xml version="1.0" encoding="UTF-8"?>
<!-- Generated by org.testng.reporters.JUnitReportReporter -->
<testsuite skipped="0" hostname="RAJKAMAL" name="com.Features.Expected_Exceptions" tests="1" failures="0" timestamp="22 Oct 2021 07:55:59 GMT" time="0.008" errors="0">
  <testcase name="data" time="0.008" classname="com.Features.Expected_Exceptions"/>
</testsuite> <!-- com.Features.Expected_Exceptions -->
