<?xml version="1.0" encoding="UTF-8"?>
<!-- Generated by org.testng.reporters.JUnitReportReporter -->
<testsuite skipped="0" hostname="RAJKAMAL" name="com.Features.Hard_Assert" tests="1" failures="0" timestamp="23 Oct 2021 10:03:08 GMT" time="0.016" errors="0">
  <testcase name="demo" time="0.016" classname="com.Features.Hard_Assert"/>
</testsuite> <!-- com.Features.Hard_Assert -->
