<?xml version="1.0" encoding="UTF-8"?>
<!-- Generated by org.testng.reporters.JUnitReportReporter -->
<testsuite skipped="0" hostname="RAJKAMAL" name="com.Features.Invocation_Count" tests="5" failures="0" timestamp="30 Oct 2021 12:21:19 GMT" time="0.033" errors="0">
  <testcase name="homepage" time="0.009" classname="com.Features.Invocation_Count"/>
  <testcase name="refresh" time="0.002" classname="com.Features.Invocation_Count"/>
  <testcase name="refresh" time="0.004" classname="com.Features.Invocation_Count"/>
  <testcase name="refresh" time="0.015" classname="com.Features.Invocation_Count"/>
  <testcase name="newsfeed" time="0.003" classname="com.Features.Invocation_Count"/>
</testsuite> <!-- com.Features.Invocation_Count -->
