<?xml version="1.0" encoding="UTF-8"?>
<!-- Generated by org.testng.reporters.JUnitReportReporter -->
<testsuite skipped="0" hostname="RAJKAMAL" name="com.Features.Parameters_Test" tests="1" failures="0" timestamp="23 Oct 2021 09:53:19 GMT" time="0.015" errors="0">
  <testcase name="credentials" time="0.015" classname="com.Features.Parameters_Test"/>
</testsuite> <!-- com.Features.Parameters_Test -->
