<?xml version="1.0" encoding="UTF-8"?>
<!-- Generated by org.testng.reporters.JUnitReportReporter -->
<testsuite skipped="0" hostname="RAJKAMAL" name="com.Features.Soft_Assert" tests="1" failures="0" timestamp="23 Oct 2021 10:09:29 GMT" time="0.000" errors="0">
  <testcase name="demo" time="0.000" classname="com.Features.Soft_Assert"/>
</testsuite> <!-- com.Features.Soft_Assert -->
