<?xml version="1.0" encoding="UTF-8"?>
<!-- Generated by org.testng.reporters.JUnitReportReporter -->
<testsuite skipped="2" hostname="RAJKAMAL" name="com.Features.Ignore_Concept" tests="3" failures="0" timestamp="30 Oct 2021 12:19:19 GMT" time="0.010" errors="0">
  <testcase name="mobile" time="0.010" classname="com.Features.Ignore_Concept"/>
  <testcase name="laptop" classname="com.Features.Ignore_Concept">
    <skipped/>
  </testcase> <!-- laptop -->
  <testcase name="books" classname="com.Features.Ignore_Concept">
    <skipped/>
  </testcase> <!-- books -->
</testsuite> <!-- com.Features.Ignore_Concept -->
